<?xml version="1.0" encoding="UTF-8"?>
<!-- Generated by org.testng.reporters.JUnitXMLReporter -->
<testsuite ignored="0" hostname="EPINHYDW06FF" failures="0" tests="1" name="Default test" time="0.035" errors="0" timestamp="2021-02-17T22:41:46 IST">
  <testcase classname="base.BaseSetup" name="@BeforeClass initializeTestBaseSetup" time="-1.6135819065E9">
    <failure type="org.testng.TestNGException" message="
Parameter &amp;apos;browserType&amp;apos; is required by BeforeClass on method initializeTestBaseSetup but has not been marked @Optional or defined
in C:\Users\Manikanta_Suru\AppData\Local\Temp\testng-eclipse-1416431057\testng-customsuite.xml">
      <![CDATA[org.testng.TestNGException: 
Parameter 'browserType' is required by BeforeClass on method initializeTestBaseSetup but has not been marked @Optional or defined
in C:\Users\Manikanta_Suru\AppData\Local\Temp\testng-eclipse-1416431057\testng-customsuite.xml
at org.testng.internal.Parameters.createParams(Parameters.java:268)
at org.testng.internal.Parameters.createParametersForMethod(Parameters.java:356)
at org.testng.internal.Parameters.createParameters(Parameters.java:700)
at org.testng.internal.Parameters.createConfigurationParameters(Parameters.java:166)
at org.testng.internal.ConfigInvoker.invokeConfigurations(ConfigInvoker.java:301)
at org.testng.internal.TestMethodWorker.invokeBeforeClassMethods(TestMethodWorker.java:176)
at org.testng.internal.TestMethodWorker.run(TestMethodWorker.java:122)
at java.base/java.util.ArrayList.forEach(ArrayList.java:1511)
at org.testng.TestRunner.privateRun(TestRunner.java:764)
at org.testng.TestRunner.run(TestRunner.java:585)
at org.testng.SuiteRunner.runTest(SuiteRunner.java:384)
at org.testng.SuiteRunner.runSequentially(SuiteRunner.java:378)
at org.testng.SuiteRunner.privateRun(SuiteRunner.java:337)
at org.testng.SuiteRunner.run(SuiteRunner.java:286)
at org.testng.SuiteRunnerWorker.runSuite(SuiteRunnerWorker.java:53)
at org.testng.SuiteRunnerWorker.run(SuiteRunnerWorker.java:96)
at org.testng.TestNG.runSuitesSequentially(TestNG.java:1218)
at org.testng.TestNG.runSuitesLocally(TestNG.java:1140)
at org.testng.TestNG.runSuites(TestNG.java:1069)
at org.testng.TestNG.run(TestNG.java:1037)
at org.testng.remote.AbstractRemoteTestNG.run(AbstractRemoteTestNG.java:115)
at org.testng.remote.RemoteTestNG.initAndRun(RemoteTestNG.java:251)
at org.testng.remote.RemoteTestNG.main(RemoteTestNG.java:77)
]]>
    </failure>
  </testcase> <!-- @BeforeClass initializeTestBaseSetup -->
  <testcase classname="dbs.CompareCreditCards" name="@BeforeClass setUp" time="-1.613581906507E9">
    <skipped/>
  </testcase> <!-- @BeforeClass setUp -->
  <testcase classname="base.BaseSetup" name="@AfterClass tearDown" time="-1.613581906522E9">
    <skipped/>
  </testcase> <!-- @AfterClass tearDown -->
  <testcase classname="dbs.CompareCreditCards" name="compareCreditCardsDetails" time="0.0">
    <skipped/>
  </testcase> <!-- compareCreditCardsDetails -->
</testsuite> <!-- Default test -->
